<?xml version="1.0" encoding="UTF-8"?>
<!-- Generated by org.testng.reporters.JUnitXMLReporter -->
<testsuite ignored="0" hostname="LAPTOP-A45GL5JI" failures="0" tests="4" name="Chrome Test" time="35.189" errors="0" timestamp="2024-04-09T11:23:37 IST">
  <testcase classname="test.HomePageTest" name="verifyHomePageTittle" time="1.437"/>
  <testcase classname="test.HomePageTest" name="verifyCommunityPoolSelection" time="0.55"/>
  <testcase classname="test.RegistrationPageTest" name="verifyUserRegister" time="3.412"/>
  <testcase classname="test.RegistrationPageTest" name="verifyRegisterPagetittle" time="0.936"/>
</testsuite> <!-- Chrome Test -->
