<?xml version="1.0" encoding="UTF-8"?>
<!-- Generated by org.testng.reporters.JUnitXMLReporter -->
<testsuite ignored="0" hostname="LAPTOP-A45GL5JI" failures="0" tests="4" name="Edge Test" time="44.842" errors="0" timestamp="2024-04-09T11:25:22 IST">
  <testcase classname="test.HomePageTest" name="verifyHomePageTittle" time="0.114"/>
  <testcase classname="test.HomePageTest" name="verifyCommunityPoolSelection" time="0.348"/>
  <testcase classname="test.RegistrationPageTest" name="verifyUserRegister" time="4.121"/>
  <testcase classname="test.RegistrationPageTest" name="verifyRegisterPagetittle" time="0.85"/>
</testsuite> <!-- Edge Test -->
