<?xml version="1.0" encoding="UTF-8"?>
<!-- Generated by org.testng.reporters.JUnitXMLReporter -->
<testsuite ignored="0" hostname="LAPTOP-A45GL5JI" failures="0" tests="4" name="Firefox Test" time="60.748" errors="0" timestamp="2024-04-09T11:24:38 IST">
  <testcase classname="test.HomePageTest" name="verifyHomePageTittle" time="0.127"/>
  <testcase classname="test.HomePageTest" name="verifyCommunityPoolSelection" time="0.475"/>
  <testcase classname="test.RegistrationPageTest" name="verifyUserRegister" time="5.32"/>
  <testcase classname="test.RegistrationPageTest" name="verifyRegisterPagetittle" time="0.804"/>
</testsuite> <!-- Firefox Test -->
