<?xml version="1.0" encoding="UTF-8"?>
<!-- Generated by org.testng.reporters.JUnitXMLReporter -->
<testsuite ignored="4" hostname="LAPTOP-A45GL5JI" failures="0" tests="3" name="Functional Test" time="33.653" errors="0" timestamp="2024-04-16T11:04:36 IST">
  <testcase classname="test.HomePageTest" name="verifyHomePageTittle" time="1.526"/>
  <testcase classname="test.LoginPageTest" name="verifyUserLogin" time="2.141"/>
  <testcase classname="test.RegistrationPageTest" name="verifyUserRegister" time="3.18"/>
  <testcase classname="test.HomePageTest" name="verifyCommunityPoolSelection" time="0.0">
    <ignored/>
  </testcase> <!-- verifyCommunityPoolSelection -->
  <testcase classname="test.LoginPageTest" name="verifyLoginPageTittle" time="0.0">
    <ignored/>
  </testcase> <!-- verifyLoginPageTittle -->
  <testcase classname="test.LoginPageTest" name="verifyUserLoginWithInvalidCredentials" time="0.0">
    <ignored/>
  </testcase> <!-- verifyUserLoginWithInvalidCredentials -->
  <testcase classname="test.RegistrationPageTest" name="verifyRegisterPagetittle" time="0.0">
    <ignored/>
  </testcase> <!-- verifyRegisterPagetittle -->
</testsuite> <!-- Functional Test -->
