<?xml version="1.0" encoding="UTF-8"?>
<!-- Generated by org.testng.reporters.JUnitXMLReporter -->
<testsuite ignored="1" hostname="LAPTOP-A45GL5JI" failures="0" tests="2" name="LoginPage Test" time="22.677" errors="0" timestamp="2024-04-09T10:36:15 IST">
  <testcase classname="test.LoginPageTest" name="verifyLoginPageTittle" time="0.76"/>
  <testcase classname="test.LoginPageTest" name="verifyUserLogin" time="2.319"/>
  <testcase classname="test.LoginPageTest" name="verifyUserLoginWithInvalidCredentials" time="0.0">
    <ignored/>
  </testcase> <!-- verifyUserLoginWithInvalidCredentials -->
</testsuite> <!-- LoginPage Test -->
