<?xml version="1.0" encoding="UTF-8"?>
<!-- Generated by org.testng.reporters.JUnitXMLReporter -->
<testsuite ignored="1" hostname="LAPTOP-A45GL5JI" failures="0" tests="1" name="Smoke Test" time="11.848" errors="0" timestamp="2024-04-16T10:24:18 IST">
  <testcase classname="test.RegistrationPageTest" name="verifyUserRegister" time="2.998"/>
  <testcase classname="test.RegistrationPageTest" name="verifyRegisterPagetittle" time="0.0">
    <ignored/>
  </testcase> <!-- verifyRegisterPagetittle -->
</testsuite> <!-- Smoke Test -->
