<?xml version="1.0" encoding="UTF-8"?>
<!-- Generated by org.testng.reporters.JUnitXMLReporter -->
<testsuite ignored="35" hostname="LAPTOP-A45GL5JI" failures="0" tests="3" name="Test" time="23.886" errors="0" timestamp="2024-03-21T11:21:45 IST">
  <testcase classname="org.selenium.commands.Commands" name="verifyCommunityPool" time="7.289"/>
  <testcase classname="org.selenium.commands.ObsquaraOnTest" name="verifySingleInputField" time="4.605"/>
  <testcase classname="org.selenium.commands.ObsquaraOnTest" name="verfyTwoInputFields" time="3.654"/>
  <testcase classname="org.selenium.commands.Commands" name="verifyFrames" time="0.0">
    <ignored/>
  </testcase> <!-- verifyFrames -->
  <testcase classname="org.selenium.commands.Commands" name="verifyJavascriptClickAndSendkeys" time="0.0">
    <ignored/>
  </testcase> <!-- verifyJavascriptClickAndSendkeys -->
  <testcase classname="org.selenium.commands.Commands" name="verifyPageTittle" time="0.0">
    <ignored/>
  </testcase> <!-- verifyPageTittle -->
  <testcase classname="org.selenium.commands.ObsquaraOnTest" name="verfyRadioButtonDemo" time="0.0">
    <ignored/>
  </testcase> <!-- verfyRadioButtonDemo -->
  <testcase classname="org.selenium.commands.ObsquaraOnTest" name="verifyTotalNumberOfDropDown" time="0.0">
    <ignored/>
  </testcase> <!-- verifyTotalNumberOfDropDown -->
  <testcase classname="org.selenium.commands.Commands" name="verifyDynamicTable" time="0.0">
    <ignored/>
  </testcase> <!-- verifyDynamicTable -->
  <testcase classname="org.selenium.commands.Commands" name="verifyIsSelected" time="0.0">
    <ignored/>
  </testcase> <!-- verifyIsSelected -->
  <testcase classname="org.selenium.commands.Commands" name="verifySoftAssert" time="0.0">
    <ignored/>
  </testcase> <!-- verifySoftAssert -->
  <testcase classname="org.selenium.commands.Commands" name="verifyDragAndDropOffset" time="0.0">
    <ignored/>
  </testcase> <!-- verifyDragAndDropOffset -->
  <testcase classname="org.selenium.commands.Commands" name="verifyWaits" time="0.0">
    <ignored/>
  </testcase> <!-- verifyWaits -->
  <testcase classname="org.selenium.commands.Commands" name="verifyFluentWait" time="0.0">
    <ignored/>
  </testcase> <!-- verifyFluentWait -->
  <testcase classname="org.selenium.commands.Commands" name="verfyIsDisplayed" time="0.0">
    <ignored/>
  </testcase> <!-- verfyIsDisplayed -->
  <testcase classname="org.selenium.commands.Commands" name="verifyUserLogin" time="0.0">
    <ignored/>
  </testcase> <!-- verifyUserLogin -->
  <testcase classname="org.selenium.commands.Commands" name="validateConfirmationAlert" time="0.0">
    <ignored/>
  </testcase> <!-- validateConfirmationAlert -->
  <testcase classname="org.selenium.commands.Commands" name="verifyDoubleClick" time="0.0">
    <ignored/>
  </testcase> <!-- verifyDoubleClick -->
  <testcase classname="org.selenium.commands.Commands" name="verifyDragAndDrop" time="0.0">
    <ignored/>
  </testcase> <!-- verifyDragAndDrop -->
  <testcase classname="org.selenium.commands.Commands" name="verfyValuesFromDropDown" time="0.0">
    <ignored/>
  </testcase> <!-- verfyValuesFromDropDown -->
  <testcase classname="org.selenium.commands.Commands" name="verifyMultipleWindowHandling" time="0.0">
    <ignored/>
  </testcase> <!-- verifyMultipleWindowHandling -->
  <testcase classname="org.selenium.commands.Commands" name="verfyIsEnabled" time="0.0">
    <ignored/>
  </testcase> <!-- verfyIsEnabled -->
  <testcase classname="org.selenium.commands.Commands" name="verifyVerticalScroll" time="0.0">
    <ignored/>
  </testcase> <!-- verifyVerticalScroll -->
  <testcase classname="org.selenium.commands.Commands" name="verifyMultiSelectDropDown" time="0.0">
    <ignored/>
  </testcase> <!-- verifyMultiSelectDropDown -->
  <testcase classname="org.selenium.commands.Commands" name="verifyIframeHomework" time="0.0">
    <ignored/>
  </testcase> <!-- verifyIframeHomework -->
  <testcase classname="org.selenium.commands.ObsquaraOnTest" name="verfyCheckBoxDemo" time="0.0">
    <ignored/>
  </testcase> <!-- verfyCheckBoxDemo -->
  <testcase classname="org.selenium.commands.Commands" name="verifyRightClick" time="0.0">
    <ignored/>
  </testcase> <!-- verifyRightClick -->
  <testcase classname="org.selenium.commands.Commands" name="validateSimpleAlert" time="0.0">
    <ignored/>
  </testcase> <!-- validateSimpleAlert -->
  <testcase classname="org.selenium.commands.ObsquaraOnTest" name="verfyFormWithValidation" time="0.0">
    <ignored/>
  </testcase> <!-- verfyFormWithValidation -->
  <testcase classname="org.selenium.commands.Commands" name="verifyExplicitWait" time="0.0">
    <ignored/>
  </testcase> <!-- verifyExplicitWait -->
  <testcase classname="org.selenium.commands.Commands" name="verifyDifferenceBetweenFindElementAndFindElements" time="0.0">
    <ignored/>
  </testcase> <!-- verifyDifferenceBetweenFindElementAndFindElements -->
  <testcase classname="org.selenium.commands.Commands" name="verifyMouseOver" time="0.0">
    <ignored/>
  </testcase> <!-- verifyMouseOver -->
  <testcase classname="org.selenium.commands.Commands" name="verifyScreenshot" time="0.0">
    <ignored/>
  </testcase> <!-- verifyScreenshot -->
  <testcase classname="org.selenium.commands.ObsquaraOnTest" name="verifyColourSelectFromDropDown" time="0.0">
    <ignored/>
  </testcase> <!-- verifyColourSelectFromDropDown -->
  <testcase classname="org.selenium.commands.Commands" name="verifyCurrentUrl" time="0.0">
    <ignored/>
  </testcase> <!-- verifyCurrentUrl -->
  <testcase classname="org.selenium.commands.Commands" name="verifyFileUpload" time="0.0">
    <ignored/>
  </testcase> <!-- verifyFileUpload -->
  <testcase classname="org.selenium.commands.Commands" name="validatePromptAlert" time="0.0">
    <ignored/>
  </testcase> <!-- validatePromptAlert -->
  <testcase classname="org.selenium.commands.Commands" name="verfyTotalNumberOFDropDownValues" time="0.0">
    <ignored/>
  </testcase> <!-- verfyTotalNumberOFDropDownValues -->
</testsuite> <!-- Test -->
